DEBUG:[2020-01-08 16:38:19] [test1595@naver.com] 님이 로그인하였습니다.
DEBUG:[2020-01-23 09:52:23] [lolihan12@naver.com] 님이 로그인하였습니다.
DEBUG:[2020-01-23 09:53:50] [lolihan12@naver.com] 님이 로그인하였습니다.
DEBUG:[2020-01-23 10:03:24] [y01051359320@gmail.com] 님이 로그인하였습니다.
DEBUG:[2020-01-23 10:05:08] [y01051359320@gmail.com] 님이 로그인하였습니다.
DEBUG:[2020-01-23 10:05:28] [sksmswkdl55@naver.com] 님이 로그인하였습니다.
DEBUG:[2020-01-23 10:05:56] [y01051359320@gmail.com] 님이 로그인하였습니다.
DEBUG:[2020-01-23 10:06:50] [lolihan12@naver.com] 님이 로그인하였습니다.
DEBUG:[2020-01-23 10:06:55] [sksmswkdl55@naver.com] 님이 로그인하였습니다.
DEBUG:[2020-01-23 10:08:28] [mizmk8910@naver.com] 님이 로그인하였습니다.
DEBUG:[2020-01-23 10:09:58] [lolihan12@naver.com] 님이 로그인하였습니다.
DEBUG:[2020-01-23 10:10:02] [mizmk8910@naver.com] 님이 로그인하였습니다.
DEBUG:[2020-01-23 10:37:14] [sksmswkdl55@naver.com] 님이 로그인하였습니다.
DEBUG:[2020-01-23 10:49:02] [sksmswkdl55@naver.com] 님이 로그인하였습니다.
DEBUG:[2020-01-23 10:52:09] [sksmswkdl55@naver.com] 님이 로그인하였습니다.
DEBUG:[2020-01-23 10:58:22] [bhy51359320@gmail.com] 님이 로그인하였습니다.
DEBUG:[2020-01-23 10:58:49] [bhy51359320@gmail.com] 님이 로그인하였습니다.
DEBUG:[2020-01-23 11:01:52] [b01051359320@gmail.com] 님이 로그인하였습니다.
DEBUG:[2020-01-23 11:02:18] [b01051359320@gmail.com] 님이 로그인하였습니다.
DEBUG:[2020-01-23 11:04:10] [bhy51359320@gmail.com] 님이 로그인하였습니다.
DEBUG:[2020-01-23 11:05:41] [y01051359320@gmail.com] 님이 로그인하였습니다.
DEBUG:[2020-01-23 11:10:19] [lolihan12@naver.com] 님이 로그인하였습니다.
DEBUG:[2020-01-23 11:26:34] [lolihan12@naver.com] 님이 로그인하였습니다.
DEBUG:[2020-01-23 11:30:50] [lolihan12@naver.com] 님이 로그인하였습니다.
DEBUG:[2020-01-23 11:39:24] [travelrang@naver.com] 님이 로그인하였습니다.
DEBUG:[2020-01-23 11:41:35] [y01051359320@gmail.com] 님이 로그인하였습니다.
DEBUG:[2020-01-23 11:56:48] [lolihan12@naver.com] 님이 로그인하였습니다.
DEBUG:[2020-01-23 12:02:21] [lolihan12@naver.com] 님이 로그인하였습니다.
DEBUG:[2020-01-23 12:05:50] [y01051359320@gmail.com] 님이 로그인하였습니다.
DEBUG:[2020-01-23 12:06:57] [lolihan12@naver.com] 님이 로그인하였습니다.
DEBUG:[2020-01-23 12:07:29] [bhy51359320@gmail.com] 님이 로그인하였습니다.
DEBUG:[2020-01-23 12:08:42] [lolihan12@naver.com] 님이 로그인하였습니다.
DEBUG:[2020-01-23 12:09:08] [travelrang@naver.com] 님이 로그인하였습니다.
DEBUG:[2020-01-23 12:25:38] [travelrang@naver.com] 님이 로그인하였습니다.
DEBUG:[2020-01-23 12:31:23] [travelrang@naver.com] 님이 로그인하였습니다.
DEBUG:[2020-01-23 12:35:12] [travelrang@naver.com] 님이 로그인하였습니다.
DEBUG:[2020-01-23 12:35:12] [travelrang@naver.com] 님이 로그인하였습니다.
DEBUG:[2020-01-23 12:37:05] [travelrang@naver.com] 님이 로그인하였습니다.
DEBUG:[2020-01-23 12:38:55] [travelrang@naver.com] 님이 로그인하였습니다.
DEBUG:[2020-01-23 12:41:58] [y01051359320@gmail.com] 님이 로그인하였습니다.
DEBUG:[2020-01-23 12:42:35] [bhy51359320@gmail.com] 님이 로그인하였습니다.
DEBUG:[2020-01-23 12:42:58] [b01051359320@gmail.com] 님이 로그인하였습니다.
DEBUG:[2020-01-23 12:46:35] [travelrang@naver.com] 님이 로그인하였습니다.
DEBUG:[2020-01-23 12:51:53] [lolihan12@naver.com] 님이 로그인하였습니다.
DEBUG:[2020-01-23 12:52:32] [bhy51359320@gmail.com] 님이 로그인하였습니다.
DEBUG:[2020-01-23 12:54:55] [travelrang@naver.com] 님이 로그인하였습니다.
DEBUG:[2020-01-23 12:58:12] [travelrang@naver.com] 님이 로그인하였습니다.
DEBUG:[2020-01-23 13:39:43] [lolihan12@naver.com] 님이 로그인하였습니다.
DEBUG:[2020-01-23 13:45:55] [lolihan12@naver.com] 님이 로그인하였습니다.
DEBUG:[2020-01-23 13:52:49] [travelrang@naver.com] 님이 로그인하였습니다.
DEBUG:[2020-01-23 14:02:01] [bhy51359320@gmail.com] 님이 로그인하였습니다.
DEBUG:[2020-01-23 14:03:11] [sksmswkdl55@naver.com] 님이 로그인하였습니다.
DEBUG:[2020-01-23 14:05:14] [sksmswkdl55@naver.com] 님이 로그인하였습니다.
DEBUG:[2020-01-23 14:05:18] [travelrang@naver.com] 님이 로그인하였습니다.
DEBUG:[2020-01-23 14:05:21] [y01051359320@gmail.com] 님이 로그인하였습니다.
DEBUG:[2020-01-23 14:06:21] [lolihan12@naver.com] 님이 로그인하였습니다.
DEBUG:[2020-01-23 14:18:59] [y01051359320@gmail.com] 님이 로그인하였습니다.
DEBUG:[2020-01-23 14:19:26] [bhy51359320@gmail.com] 님이 로그인하였습니다.
DEBUG:[2020-01-23 14:37:48] [travelrang@naver.com] 님이 로그인하였습니다.
DEBUG:[2020-01-23 14:37:53] [lolihan12@naver.com] 님이 로그인하였습니다.
DEBUG:[2020-01-23 14:44:34] [y01051359320@gmail.com] 님이 로그인하였습니다.
DEBUG:[2020-01-23 14:45:18] [bhy51359320@gmail.com] 님이 로그인하였습니다.
DEBUG:[2020-01-23 14:45:43] [b01051359320@gmail.com] 님이 로그인하였습니다.
DEBUG:[2020-01-23 14:45:43] [cainchel357@naver.com] 님이 로그인하였습니다.
DEBUG:[2020-01-23 14:46:21] [sksmswkdl55@naver.com] 님이 로그인하였습니다.
DEBUG:[2020-01-23 14:50:10] [travelrang@naver.com] 님이 로그인하였습니다.
DEBUG:[2020-01-23 15:03:56] [bhy51359320@gmail.com] 님이 로그인하였습니다.
DEBUG:[2020-01-23 15:04:50] [lolihan12@naver.com] 님이 로그인하였습니다.
DEBUG:[2020-01-23 15:13:28] [test1595@naver.com] 님이 로그인하였습니다.
DEBUG:[2020-01-23 15:14:55] [test1595@naver.com] 님이 로그인하였습니다.
DEBUG:[2020-01-23 15:15:59] [test1595@naver.com] 님이 로그인하였습니다.
DEBUG:[2020-01-23 15:18:05] [lolihan12@naver.com] 님이 로그인하였습니다.
DEBUG:[2020-01-23 15:21:26] [travelrang@naver.com] 님이 로그인하였습니다.
DEBUG:[2020-01-23 15:24:27] [sksmswkdl55@naver.com] 님이 로그인하였습니다.
DEBUG:[2020-01-23 15:26:53] [cainchel357@naver.com] 님이 로그인하였습니다.
DEBUG:[2020-01-23 15:27:48] [kimbbial@naver.com] 님이 로그인하였습니다.
DEBUG:[2020-01-23 15:29:07] [y01051359320@gmail.com] 님이 로그인하였습니다.
